<?xml version="1.0" encoding="UTF-8"?>
<testsuites name="jest tests" tests="7" failures="0" errors="0" time="15.295">
  <testsuite name="useGetTodoList" errors="0" failures="0" skipped="0" timestamp="2025-04-13T06:36:09" time="3.035" tests="2">
    <testcase classname="useGetTodoList should return empty array" name="useGetTodoList should return empty array" time="0.039">
    </testcase>
    <testcase classname="useGetTodoList should set todos" name="useGetTodoList should set todos" time="0.017">
    </testcase>
  </testsuite>
  <testsuite name="undefined" errors="0" failures="0" skipped="0" timestamp="2025-04-13T06:36:09" time="8.183" tests="5">
    <testcase classname=" renders the heading" name=" renders the heading" time="0.158">
    </testcase>
    <testcase classname=" adds a new todo" name=" adds a new todo" time="0.115">
    </testcase>
    <testcase classname=" toggles a todo&apos;s completion status" name=" toggles a todo&apos;s completion status" time="0.107">
    </testcase>
    <testcase classname=" filters todos" name=" filters todos" time="0.101">
    </testcase>
    <testcase classname=" clears all todos" name=" clears all todos" time="0.071">
    </testcase>
  </testsuite>
</testsuites>